<?xml version="1.0" encoding="UTF-8"?>
<!-- Generated by org.testng.reporters.JUnitReportReporter -->
<testsuite hostname="WKWIN6662787" failures="0" tests="3" name="Selenium.Jenkins.SmokeSuite" time="0.008" errors="0" timestamp="2021-06-24T22:05:29 IST" skipped="0">
  <testcase classname="Selenium.Jenkins.SmokeSuite" name="smoke1" time="0.003"/>
  <system-out/>
  <testcase classname="Selenium.Jenkins.SmokeSuite" name="smoke1" time="0.003"/>
  <system-out/>
  <testcase classname="Selenium.Jenkins.SmokeSuite" name="smoke1" time="0.002"/>
  <system-out/>
</testsuite> <!-- Selenium.Jenkins.SmokeSuite -->
