<?xml version="1.0" encoding="UTF-8"?>
<!-- Generated by org.testng.reporters.JUnitReportReporter -->
<testsuite hostname="WKWIN6662787" failures="0" tests="2" name="Selenium.Jenkins.demotest1" time="11.345" errors="0" timestamp="2021-06-24T22:05:29 IST" skipped="0">
  <testcase classname="Selenium.Jenkins.demotest1" name="methodNo2" time="0.015"/>
  <system-out/>
  <testcase classname="Selenium.Jenkins.demotest1" name="searchMyNameInGoogle" time="11.330"/>
  <system-out/>
</testsuite> <!-- Selenium.Jenkins.demotest1 -->
