<?xml version="1.0" encoding="UTF-8"?>
<!-- Generated by org.testng.reporters.JUnitReportReporter -->
<testsuite hostname="WKWIN6662787" failures="0" tests="2" name="Selenium.Jenkins.RegressionSuite" time="11.725" errors="0" timestamp="2021-06-24T22:07:31 IST" skipped="0">
  <testcase classname="Selenium.Jenkins.RegressionSuite" name="searchMyNameInGoogle" time="11.713"/>
  <system-out/>
  <testcase classname="Selenium.Jenkins.RegressionSuite" name="methodNo2" time="0.012"/>
  <system-out/>
</testsuite> <!-- Selenium.Jenkins.RegressionSuite -->
