<?xml version="1.0" encoding="UTF-8"?>
<!-- Generated by org.testng.reporters.JUnitReportReporter -->
<testsuite hostname="WKWIN6662787" failures="0" tests="3" name="Selenium.Jenkins.SmokeSuite" time="0.001" errors="0" timestamp="2021-06-24T23:56:11 IST" skipped="0">
  <testcase classname="Selenium.Jenkins.SmokeSuite" name="smoke1" time="0.000"/>
  <system-out/>
  <testcase classname="Selenium.Jenkins.SmokeSuite" name="smoke1" time="0.000"/>
  <system-out/>
  <testcase classname="Selenium.Jenkins.SmokeSuite" name="smoke1" time="0.001"/>
  <system-out/>
</testsuite> <!-- Selenium.Jenkins.SmokeSuite -->
